[debug] [2018-06-10T02:49:43.550Z] ----------------------------------------------------------------------
[debug] [2018-06-10T02:49:43.552Z] Command:       /usr/local/Cellar/node/10.0.0/bin/node /usr/local/bin/firebase serve
[debug] [2018-06-10T02:49:43.552Z] CLI Version:   3.18.6
[debug] [2018-06-10T02:49:43.552Z] Platform:      darwin
[debug] [2018-06-10T02:49:43.552Z] Node Version:  v10.0.0
[debug] [2018-06-10T02:49:43.552Z] Time:          Sat Jun 09 2018 21:49:43 GMT-0500 (CDT)
[debug] [2018-06-10T02:49:43.552Z] ----------------------------------------------------------------------
[debug] 
[debug] [2018-06-10T02:49:43.560Z] > command requires scopes: ["email","openid","https://www.googleapis.com/auth/cloudplatformprojects.readonly","https://www.googleapis.com/auth/firebase","https://www.googleapis.com/auth/cloud-platform"]
[debug] [2018-06-10T02:49:43.560Z] > authorizing via signed-in user
[debug] [2018-06-10T02:49:43.561Z] >>> HTTP REQUEST GET https://admin.firebase.com/v1/projects/not-alone-solution  
  
 Sat Jun 09 2018 21:49:43 GMT-0500 (CDT)
[debug] [2018-06-10T02:49:44.199Z] <<< HTTP RESPONSE 200
[debug] [2018-06-10T02:49:44.200Z] >>> HTTP REQUEST GET https://admin.firebase.com/v1/database/not-alone-solution/tokens  
  
 Sat Jun 09 2018 21:49:44 GMT-0500 (CDT)
[debug] [2018-06-10T02:49:44.787Z] <<< HTTP RESPONSE 200
[debug] [2018-06-10T02:49:44.788Z] >>> HTTP REQUEST GET https://cloudresourcemanager.googleapis.com/v1/projects/not-alone-solution  
  
 Sat Jun 09 2018 21:49:44 GMT-0500 (CDT)
[debug] [2018-06-10T02:49:45.068Z] <<< HTTP RESPONSE 200
[info] 
[info] === Serving from '/Users/reginaldromano/Desktop/develop/project_3/not-alone'...
[info] 
[debug] [2018-06-10T02:49:45.070Z] >>> HTTP REQUEST GET https://mobilesdk-pa.googleapis.com/v1/projects/982632196723/clients/_:getWebAppConfig  
  
 Sat Jun 09 2018 21:49:45 GMT-0500 (CDT)
[debug] [2018-06-10T02:49:45.462Z] <<< HTTP RESPONSE 200
[info] i  hosting: Serving hosting files from: build
[info] ✔  hosting: Local server: http://localhost:5000

